{"total": {"lines":{"total":23,"covered":23,"skipped":0,"pct":100},"statements":{"total":25,"covered":25,"skipped":0,"pct":100},"functions":{"total":8,"covered":8,"skipped":0,"pct":100},"branches":{"total":7,"covered":7,"skipped":0,"pct":100},"branchesTrue":{"total":0,"covered":0,"skipped":0,"pct":"Unknown"}}
,"/home/airelribeiro/Desktop/Trybe/exercicios/Exercices-Trybe/Back-end/bloco-30-mongodb-com-node-e-poo/dia-01-mongoose-e-arquitetura-msc/guia-mongodb-com-nodejs-e-poo/src/models/Connection.ts": {"lines":{"total":4,"covered":4,"skipped":0,"pct":100},"functions":{"total":1,"covered":1,"skipped":0,"pct":100},"statements":{"total":4,"covered":4,"skipped":0,"pct":100},"branches":{"total":1,"covered":1,"skipped":0,"pct":100}}
,"/home/airelribeiro/Desktop/Trybe/exercicios/Exercices-Trybe/Back-end/bloco-30-mongodb-com-node-e-poo/dia-01-mongoose-e-arquitetura-msc/guia-mongodb-com-nodejs-e-poo/src/models/Frame.ts": {"lines":{"total":5,"covered":5,"skipped":0,"pct":100},"functions":{"total":1,"covered":1,"skipped":0,"pct":100},"statements":{"total":5,"covered":5,"skipped":0,"pct":100},"branches":{"total":1,"covered":1,"skipped":0,"pct":100}}
,"/home/airelribeiro/Desktop/Trybe/exercicios/Exercices-Trybe/Back-end/bloco-30-mongodb-com-node-e-poo/dia-01-mongoose-e-arquitetura-msc/guia-mongodb-com-nodejs-e-poo/src/models/Lens.ts": {"lines":{"total":5,"covered":5,"skipped":0,"pct":100},"functions":{"total":1,"covered":1,"skipped":0,"pct":100},"statements":{"total":5,"covered":5,"skipped":0,"pct":100},"branches":{"total":1,"covered":1,"skipped":0,"pct":100}}
,"/home/airelribeiro/Desktop/Trybe/exercicios/Exercices-Trybe/Back-end/bloco-30-mongodb-com-node-e-poo/dia-01-mongoose-e-arquitetura-msc/guia-mongodb-com-nodejs-e-poo/src/models/MongoModel.ts": {"lines":{"total":9,"covered":9,"skipped":0,"pct":100},"functions":{"total":5,"covered":5,"skipped":0,"pct":100},"statements":{"total":11,"covered":11,"skipped":0,"pct":100},"branches":{"total":4,"covered":4,"skipped":0,"pct":100}}
}
