TN:
SF:src/models/Connection.ts
FN:3,(anonymous_1)
FNF:1
FNH:1
FNDA:1,(anonymous_1)
DA:1,1
DA:3,1
DA:5,1
DA:7,1
LF:4
LH:4
BRDA:4,0,0,1
BRF:1
BRH:1
end_of_record
TN:
SF:src/models/Frame.ts
FN:13,(anonymous_1)
FNF:1
FNH:1
FNDA:1,(anonymous_1)
DA:3,1
DA:5,1
DA:7,1
DA:14,1
DA:18,1
LF:5
LH:5
BRDA:13,0,0,1
BRF:1
BRH:1
end_of_record
TN:
SF:src/models/Lens.ts
FN:14,(anonymous_1)
FNF:1
FNH:1
FNDA:1,(anonymous_1)
DA:3,1
DA:5,1
DA:7,1
DA:15,1
DA:19,1
LF:5
LH:5
BRDA:14,0,0,1
BRF:1
BRH:1
end_of_record
TN:
SF:src/models/MongoModel.ts
FN:7,(anonymous_0)
FN:11,(anonymous_1)
FN:15,(anonymous_2)
FN:20,(anonymous_3)
FN:24,(anonymous_4)
FNF:5
FNH:5
FNDA:2,(anonymous_0)
FNDA:1,(anonymous_1)
FNDA:2,(anonymous_2)
FNDA:1,(anonymous_3)
FNDA:2,(anonymous_4)
DA:1,1
DA:8,2
DA:12,1
DA:16,2
DA:17,1
DA:21,1
DA:25,2
DA:27,1
DA:31,1
LF:9
LH:9
BRDA:16,0,0,1
BRDA:16,0,1,1
BRDA:25,1,0,1
BRDA:25,1,1,1
BRF:4
BRH:4
end_of_record
